{"C:\\Users\\Penguin8n\\CODEX--\\ai-strategy-vscode\\src\\templates\\notebookTemplate.ts": {"path":"C:\\Users\\Penguin8n\\CODEX--\\ai-strategy-vscode\\src\\templates\\notebookTemplate.ts","statementMap":{"0":{"start":{"line":36,"column":9},"end":{"line":36,"column":36}},"1":{"start":{"line":39,"column":4},"end":{"line":39,"column":21}},"2":{"start":{"line":40,"column":4},"end":{"line":40,"column":35}},"3":{"start":{"line":49,"column":4},"end":{"line":54,"column":7}},"4":{"start":{"line":62,"column":4},"end":{"line":77,"column":6}},"5":{"start":{"line":85,"column":4},"end":{"line":85,"column":54}},"6":{"start":{"line":93,"column":4},"end":{"line":93,"column":27}},"7":{"start":{"line":101,"column":4},"end":{"line":101,"column":29}},"8":{"start":{"line":33,"column":0},"end":{"line":33,"column":13}}},"fnMap":{"0":{"name":"(anonymous_0)","decl":{"start":{"line":38,"column":2},"end":{"line":38,"column":14}},"loc":{"start":{"line":38,"column":47},"end":{"line":41,"column":3}}},"1":{"name":"(anonymous_1)","decl":{"start":{"line":48,"column":9},"end":{"line":48,"column":16}},"loc":{"start":{"line":48,"column":63},"end":{"line":55,"column":3}}},"2":{"name":"(anonymous_2)","decl":{"start":{"line":61,"column":9},"end":{"line":61,"column":19}},"loc":{"start":{"line":61,"column":19},"end":{"line":78,"column":3}}},"3":{"name":"(anonymous_3)","decl":{"start":{"line":84,"column":9},"end":{"line":84,"column":15}},"loc":{"start":{"line":84,"column":15},"end":{"line":86,"column":3}}},"4":{"name":"(anonymous_4)","decl":{"start":{"line":92,"column":9},"end":{"line":92,"column":17}},"loc":{"start":{"line":92,"column":17},"end":{"line":94,"column":3}}},"5":{"name":"(anonymous_5)","decl":{"start":{"line":100,"column":9},"end":{"line":100,"column":21}},"loc":{"start":{"line":100,"column":21},"end":{"line":102,"column":3}}}},"branchMap":{},"s":{"0":24,"1":24,"2":24,"3":132,"4":4,"5":0,"6":0,"7":0,"8":2},"f":{"0":24,"1":132,"2":4,"3":0,"4":0,"5":0},"b":{}}
,"C:\\Users\\Penguin8n\\CODEX--\\ai-strategy-vscode\\src\\templates\\templateManager.ts": {"path":"C:\\Users\\Penguin8n\\CODEX--\\ai-strategy-vscode\\src\\templates\\templateManager.ts","statementMap":{"0":{"start":{"line":7,"column":0},"end":{"line":7,"column":54}},"1":{"start":{"line":18,"column":4},"end":{"line":18,"column":31}},"2":{"start":{"line":19,"column":4},"end":{"line":19,"column":25}},"3":{"start":{"line":26,"column":4},"end":{"line":26,"column":34}},"4":{"start":{"line":27,"column":4},"end":{"line":27,"column":39}},"5":{"start":{"line":35,"column":21},"end":{"line":37,"column":null}},"6":{"start":{"line":41,"column":4},"end":{"line":41,"column":137}},"7":{"start":{"line":44,"column":4},"end":{"line":55,"column":27}},"8":{"start":{"line":58,"column":4},"end":{"line":75,"column":57}},"9":{"start":{"line":78,"column":4},"end":{"line":95,"column":67}},"10":{"start":{"line":98,"column":4},"end":{"line":116,"column":57}},"11":{"start":{"line":119,"column":4},"end":{"line":126,"column":46}},"12":{"start":{"line":129,"column":4},"end":{"line":149,"column":13}},"13":{"start":{"line":151,"column":4},"end":{"line":151,"column":45}},"14":{"start":{"line":159,"column":26},"end":{"line":161,"column":null}},"15":{"start":{"line":165,"column":4},"end":{"line":165,"column":159}},"16":{"start":{"line":168,"column":4},"end":{"line":179,"column":27}},"17":{"start":{"line":182,"column":4},"end":{"line":194,"column":44}},"18":{"start":{"line":197,"column":4},"end":{"line":213,"column":67}},"19":{"start":{"line":216,"column":4},"end":{"line":234,"column":57}},"20":{"start":{"line":237,"column":4},"end":{"line":244,"column":38}},"21":{"start":{"line":247,"column":4},"end":{"line":268,"column":13}},"22":{"start":{"line":270,"column":4},"end":{"line":270,"column":56}},"23":{"start":{"line":279,"column":4},"end":{"line":279,"column":36}},"24":{"start":{"line":287,"column":4},"end":{"line":290,"column":8}},"25":{"start":{"line":287,"column":64},"end":{"line":290,"column":6}},"26":{"start":{"line":299,"column":4},"end":{"line":299,"column":36}},"27":{"start":{"line":14,"column":0},"end":{"line":14,"column":13}}},"fnMap":{"0":{"name":"(anonymous_0)","decl":{"start":{"line":17,"column":2},"end":{"line":17,"column":null}},"loc":{"start":{"line":17,"column":2},"end":{"line":20,"column":3}}},"1":{"name":"(anonymous_1)","decl":{"start":{"line":25,"column":10},"end":{"line":25,"column":23}},"loc":{"start":{"line":25,"column":23},"end":{"line":28,"column":3}}},"2":{"name":"(anonymous_2)","decl":{"start":{"line":34,"column":10},"end":{"line":34,"column":32}},"loc":{"start":{"line":34,"column":32},"end":{"line":152,"column":3}}},"3":{"name":"(anonymous_3)","decl":{"start":{"line":158,"column":10},"end":{"line":158,"column":37}},"loc":{"start":{"line":158,"column":37},"end":{"line":271,"column":3}}},"4":{"name":"(anonymous_4)","decl":{"start":{"line":278,"column":9},"end":{"line":278,"column":20}},"loc":{"start":{"line":278,"column":33},"end":{"line":280,"column":3}}},"5":{"name":"(anonymous_5)","decl":{"start":{"line":286,"column":9},"end":{"line":286,"column":22}},"loc":{"start":{"line":286,"column":22},"end":{"line":291,"column":3}}},"6":{"name":"(anonymous_6)","decl":{"start":{"line":287,"column":51},"end":{"line":287,"column":59}},"loc":{"start":{"line":287,"column":64},"end":{"line":290,"column":6}}},"7":{"name":"(anonymous_7)","decl":{"start":{"line":298,"column":9},"end":{"line":298,"column":20}},"loc":{"start":{"line":298,"column":33},"end":{"line":300,"column":3}}}},"branchMap":{},"s":{"0":1,"1":9,"2":9,"3":9,"4":9,"5":9,"6":9,"7":9,"8":9,"9":9,"10":9,"11":9,"12":9,"13":9,"14":9,"15":9,"16":9,"17":9,"18":9,"19":9,"20":9,"21":9,"22":9,"23":7,"24":2,"25":4,"26":0,"27":1},"f":{"0":9,"1":9,"2":9,"3":9,"4":7,"5":2,"6":4,"7":0},"b":{}}
}
