TN:
SF:src\templates\notebookTemplate.ts
FN:38,(anonymous_0)
FN:48,(anonymous_1)
FN:61,(anonymous_2)
FN:84,(anonymous_3)
FN:92,(anonymous_4)
FN:100,(anonymous_5)
FNF:6
FNH:3
FNDA:24,(anonymous_0)
FNDA:132,(anonymous_1)
FNDA:4,(anonymous_2)
FNDA:0,(anonymous_3)
FNDA:0,(anonymous_4)
FNDA:0,(anonymous_5)
DA:33,2
DA:36,24
DA:39,24
DA:40,24
DA:49,132
DA:62,4
DA:85,0
DA:93,0
DA:101,0
LF:9
LH:6
BRF:0
BRH:0
end_of_record
TN:
SF:src\templates\templateManager.ts
FN:17,(anonymous_0)
FN:25,(anonymous_1)
FN:34,(anonymous_2)
FN:158,(anonymous_3)
FN:278,(anonymous_4)
FN:286,(anonymous_5)
FN:287,(anonymous_6)
FN:298,(anonymous_7)
FNF:8
FNH:7
FNDA:9,(anonymous_0)
FNDA:9,(anonymous_1)
FNDA:9,(anonymous_2)
FNDA:9,(anonymous_3)
FNDA:7,(anonymous_4)
FNDA:2,(anonymous_5)
FNDA:4,(anonymous_6)
FNDA:0,(anonymous_7)
DA:7,1
DA:14,1
DA:18,9
DA:19,9
DA:26,9
DA:27,9
DA:35,9
DA:41,9
DA:44,9
DA:58,9
DA:78,9
DA:98,9
DA:119,9
DA:129,9
DA:151,9
DA:159,9
DA:165,9
DA:168,9
DA:182,9
DA:197,9
DA:216,9
DA:237,9
DA:247,9
DA:270,9
DA:279,7
DA:287,4
DA:299,0
LF:27
LH:26
BRF:0
BRH:0
end_of_record
